{"C:\\APIs\\rest-api-admin\\src\\router.ts": {"path":"C:\\APIs\\rest-api-admin\\src\\router.ts","statementMap":{"0":{"start":{"line":1,"column":0},"end":{"line":1,"column":33}},"1":{"start":{"line":2,"column":0},"end":{"line":2,"column":131}},"2":{"start":{"line":3,"column":0},"end":{"line":3,"column":48}},"3":{"start":{"line":4,"column":0},"end":{"line":4,"column":50}},"4":{"start":{"line":6,"column":15},"end":{"line":6,"column":23}},"5":{"start":{"line":9,"column":0},"end":{"line":9,"column":null}},"6":{"start":{"line":12,"column":0},"end":{"line":15,"column":20}},"7":{"start":{"line":19,"column":0},"end":{"line":30,"column":null}},"8":{"start":{"line":27,"column":25},"end":{"line":27,"column":34}},"9":{"start":{"line":33,"column":0},"end":{"line":47,"column":null}},"10":{"start":{"line":42,"column":25},"end":{"line":42,"column":34}},"11":{"start":{"line":50,"column":0},"end":{"line":54,"column":null}},"12":{"start":{"line":57,"column":0},"end":{"line":61,"column":null}},"13":{"start":{"line":63,"column":0},"end":{"line":63,"column":22}}},"fnMap":{"0":{"name":"(anonymous_0)","decl":{"start":{"line":27,"column":16},"end":{"line":27,"column":21}},"loc":{"start":{"line":27,"column":25},"end":{"line":27,"column":34}}},"1":{"name":"(anonymous_1)","decl":{"start":{"line":42,"column":16},"end":{"line":42,"column":21}},"loc":{"start":{"line":42,"column":25},"end":{"line":42,"column":34}}}},"branchMap":{},"s":{"0":2,"1":2,"2":2,"3":2,"4":2,"5":2,"6":2,"7":2,"8":4,"9":2,"10":5,"11":2,"12":2,"13":2},"f":{"0":4,"1":5},"b":{}}
,"C:\\APIs\\rest-api-admin\\src\\server.ts": {"path":"C:\\APIs\\rest-api-admin\\src\\server.ts","statementMap":{"0":{"start":{"line":1,"column":0},"end":{"line":1,"column":30}},"1":{"start":{"line":2,"column":0},"end":{"line":2,"column":30}},"2":{"start":{"line":3,"column":0},"end":{"line":3,"column":29}},"3":{"start":{"line":4,"column":0},"end":{"line":4,"column":28}},"4":{"start":{"line":9,"column":4},"end":{"line":16,"column":5}},"5":{"start":{"line":10,"column":8},"end":{"line":10,"column":32}},"6":{"start":{"line":11,"column":8},"end":{"line":11,"column":18}},"7":{"start":{"line":12,"column":8},"end":{"line":12,"column":null}},"8":{"start":{"line":15,"column":8},"end":{"line":15,"column":null}},"9":{"start":{"line":8,"column":0},"end":{"line":8,"column":7}},"10":{"start":{"line":19,"column":0},"end":{"line":19,"column":12}},"11":{"start":{"line":22,"column":15},"end":{"line":22,"column":24}},"12":{"start":{"line":26,"column":0},"end":{"line":26,"column":27}},"13":{"start":{"line":28,"column":0},"end":{"line":28,"column":35}},"14":{"start":{"line":30,"column":0},"end":{"line":32,"column":3}},"15":{"start":{"line":31,"column":4},"end":{"line":31,"column":34}},"16":{"start":{"line":34,"column":0},"end":{"line":34,"column":22}}},"fnMap":{"0":{"name":"connectDB","decl":{"start":{"line":8,"column":22},"end":{"line":8,"column":31}},"loc":{"start":{"line":8,"column":31},"end":{"line":17,"column":1}}},"1":{"name":"(anonymous_2)","decl":{"start":{"line":30,"column":19},"end":{"line":30,"column":20}},"loc":{"start":{"line":30,"column":32},"end":{"line":32,"column":1}}}},"branchMap":{},"s":{"0":2,"1":2,"2":2,"3":2,"4":3,"5":3,"6":2,"7":2,"8":1,"9":2,"10":2,"11":2,"12":2,"13":2,"14":2,"15":1,"16":2},"f":{"0":3,"1":1},"b":{}}
,"C:\\APIs\\rest-api-admin\\src\\config\\db.ts": {"path":"C:\\APIs\\rest-api-admin\\src\\config\\db.ts","statementMap":{"0":{"start":{"line":1,"column":0},"end":{"line":1,"column":48}},"1":{"start":{"line":2,"column":0},"end":{"line":2,"column":27}},"2":{"start":{"line":3,"column":0},"end":{"line":3,"column":null}},"3":{"start":{"line":7,"column":11},"end":{"line":9,"column":2}},"4":{"start":{"line":12,"column":0},"end":{"line":12,"column":18}}},"fnMap":{},"branchMap":{},"s":{"0":2,"1":2,"2":2,"3":2,"4":2},"f":{},"b":{}}
,"C:\\APIs\\rest-api-admin\\src\\handlers\\product.ts": {"path":"C:\\APIs\\rest-api-admin\\src\\handlers\\product.ts","statementMap":{"0":{"start":{"line":2,"column":0},"end":{"line":2,"column":45}},"1":{"start":{"line":4,"column":27},"end":{"line":9,"column":1}},"2":{"start":{"line":5,"column":21},"end":{"line":7,"column":6}},"3":{"start":{"line":8,"column":4},"end":{"line":8,"column":null}},"4":{"start":{"line":4,"column":13},"end":{"line":4,"column":27}},"5":{"start":{"line":12,"column":30},"end":{"line":28,"column":1}},"6":{"start":{"line":13,"column":4},"end":{"line":27,"column":5}},"7":{"start":{"line":14,"column":23},"end":{"line":14,"column":33}},"8":{"start":{"line":15,"column":24},"end":{"line":15,"column":50}},"9":{"start":{"line":19,"column":8},"end":{"line":21,"column":9}},"10":{"start":{"line":20,"column":12},"end":{"line":20,"column":null}},"11":{"start":{"line":23,"column":8},"end":{"line":23,"column":null}},"12":{"start":{"line":26,"column":8},"end":{"line":26,"column":null}},"13":{"start":{"line":12,"column":13},"end":{"line":12,"column":30}},"14":{"start":{"line":31,"column":29},"end":{"line":34,"column":1}},"15":{"start":{"line":32,"column":20},"end":{"line":32,"column":50}},"16":{"start":{"line":33,"column":4},"end":{"line":33,"column":null}},"17":{"start":{"line":31,"column":13},"end":{"line":31,"column":29}},"18":{"start":{"line":37,"column":29},"end":{"line":58,"column":1}},"19":{"start":{"line":38,"column":4},"end":{"line":57,"column":5}},"20":{"start":{"line":41,"column":23},"end":{"line":41,"column":33}},"21":{"start":{"line":42,"column":24},"end":{"line":42,"column":50}},"22":{"start":{"line":45,"column":8},"end":{"line":47,"column":9}},"23":{"start":{"line":46,"column":12},"end":{"line":46,"column":null}},"24":{"start":{"line":50,"column":8},"end":{"line":50,"column":null}},"25":{"start":{"line":51,"column":8},"end":{"line":51,"column":null}},"26":{"start":{"line":54,"column":8},"end":{"line":54,"column":null}},"27":{"start":{"line":56,"column":8},"end":{"line":56,"column":null}},"28":{"start":{"line":37,"column":13},"end":{"line":37,"column":29}},"29":{"start":{"line":62,"column":35},"end":{"line":83,"column":1}},"30":{"start":{"line":63,"column":4},"end":{"line":82,"column":5}},"31":{"start":{"line":66,"column":23},"end":{"line":66,"column":33}},"32":{"start":{"line":67,"column":24},"end":{"line":67,"column":50}},"33":{"start":{"line":70,"column":8},"end":{"line":72,"column":9}},"34":{"start":{"line":71,"column":12},"end":{"line":71,"column":null}},"35":{"start":{"line":75,"column":8},"end":{"line":75,"column":null}},"36":{"start":{"line":76,"column":8},"end":{"line":76,"column":null}},"37":{"start":{"line":79,"column":8},"end":{"line":79,"column":null}},"38":{"start":{"line":81,"column":8},"end":{"line":81,"column":null}},"39":{"start":{"line":62,"column":13},"end":{"line":62,"column":35}},"40":{"start":{"line":86,"column":29},"end":{"line":100,"column":1}},"41":{"start":{"line":87,"column":4},"end":{"line":99,"column":5}},"42":{"start":{"line":88,"column":23},"end":{"line":88,"column":33}},"43":{"start":{"line":89,"column":24},"end":{"line":89,"column":50}},"44":{"start":{"line":91,"column":8},"end":{"line":93,"column":9}},"45":{"start":{"line":92,"column":12},"end":{"line":92,"column":null}},"46":{"start":{"line":95,"column":8},"end":{"line":95,"column":null}},"47":{"start":{"line":96,"column":8},"end":{"line":96,"column":null}},"48":{"start":{"line":98,"column":8},"end":{"line":98,"column":null}},"49":{"start":{"line":86,"column":13},"end":{"line":86,"column":29}}},"fnMap":{"0":{"name":"(anonymous_1)","decl":{"start":{"line":4,"column":27},"end":{"line":4,"column":32}},"loc":{"start":{"line":4,"column":65},"end":{"line":9,"column":1}}},"1":{"name":"(anonymous_2)","decl":{"start":{"line":12,"column":30},"end":{"line":12,"column":35}},"loc":{"start":{"line":12,"column":68},"end":{"line":28,"column":1}}},"2":{"name":"(anonymous_3)","decl":{"start":{"line":31,"column":29},"end":{"line":31,"column":34}},"loc":{"start":{"line":31,"column":67},"end":{"line":34,"column":1}}},"3":{"name":"(anonymous_4)","decl":{"start":{"line":37,"column":29},"end":{"line":37,"column":34}},"loc":{"start":{"line":37,"column":67},"end":{"line":58,"column":1}}},"4":{"name":"(anonymous_5)","decl":{"start":{"line":62,"column":35},"end":{"line":62,"column":40}},"loc":{"start":{"line":62,"column":73},"end":{"line":83,"column":1}}},"5":{"name":"(anonymous_6)","decl":{"start":{"line":86,"column":29},"end":{"line":86,"column":34}},"loc":{"start":{"line":86,"column":67},"end":{"line":100,"column":1}}}},"branchMap":{"0":{"loc":{"start":{"line":19,"column":8},"end":{"line":21,"column":9}},"type":"if","locations":[{"start":{"line":19,"column":8},"end":{"line":21,"column":9}}]},"1":{"loc":{"start":{"line":45,"column":8},"end":{"line":47,"column":9}},"type":"if","locations":[{"start":{"line":45,"column":8},"end":{"line":47,"column":9}}]},"2":{"loc":{"start":{"line":70,"column":8},"end":{"line":72,"column":9}},"type":"if","locations":[{"start":{"line":70,"column":8},"end":{"line":72,"column":9}}]},"3":{"loc":{"start":{"line":91,"column":8},"end":{"line":93,"column":9}},"type":"if","locations":[{"start":{"line":91,"column":8},"end":{"line":93,"column":9}}]}},"s":{"0":2,"1":2,"2":2,"3":2,"4":2,"5":2,"6":2,"7":2,"8":2,"9":2,"10":1,"11":2,"12":1,"13":2,"14":2,"15":1,"16":1,"17":2,"18":2,"19":2,"20":2,"21":2,"22":2,"23":1,"24":2,"25":1,"26":1,"27":1,"28":2,"29":2,"30":2,"31":2,"32":2,"33":2,"34":1,"35":2,"36":1,"37":1,"38":1,"39":2,"40":2,"41":2,"42":2,"43":2,"44":2,"45":1,"46":2,"47":1,"48":1,"49":2},"f":{"0":2,"1":2,"2":1,"3":2,"4":2,"5":2},"b":{"0":[1],"1":[1],"2":[1],"3":[1]}}
,"C:\\APIs\\rest-api-admin\\src\\middlewares\\index.ts": {"path":"C:\\APIs\\rest-api-admin\\src\\middlewares\\index.ts","statementMap":{"0":{"start":{"line":2,"column":0},"end":{"line":2,"column":51}},"1":{"start":{"line":4,"column":32},"end":{"line":11,"column":1}},"2":{"start":{"line":5,"column":17},"end":{"line":5,"column":38}},"3":{"start":{"line":7,"column":4},"end":{"line":9,"column":5}},"4":{"start":{"line":8,"column":8},"end":{"line":8,"column":null}},"5":{"start":{"line":10,"column":4},"end":{"line":10,"column":11}},"6":{"start":{"line":4,"column":13},"end":{"line":4,"column":32}}},"fnMap":{"0":{"name":"(anonymous_0)","decl":{"start":{"line":4,"column":32},"end":{"line":4,"column":33}},"loc":{"start":{"line":4,"column":84},"end":{"line":11,"column":1}}}},"branchMap":{"0":{"loc":{"start":{"line":7,"column":4},"end":{"line":9,"column":5}},"type":"if","locations":[{"start":{"line":7,"column":4},"end":{"line":9,"column":5}}]}},"s":{"0":2,"1":2,"2":18,"3":18,"4":9,"5":9,"6":2},"f":{"0":18},"b":{"0":[9]}}
,"C:\\APIs\\rest-api-admin\\src\\models\\Product.model.ts": {"path":"C:\\APIs\\rest-api-admin\\src\\models\\Product.model.ts","statementMap":{"0":{"start":{"line":1,"column":0},"end":{"line":1,"column":78}},"1":{"start":{"line":10,"column":0},"end":{"line":26,"column":null}},"2":{"start":{"line":14,"column":12},"end":{"line":14,"column":null}},"3":{"start":{"line":19,"column":12},"end":{"line":19,"column":null}},"4":{"start":{"line":25,"column":12},"end":{"line":25,"column":null}},"5":{"start":{"line":10,"column":6},"end":{"line":26,"column":null}},"6":{"start":{"line":29,"column":0},"end":{"line":29,"column":23}}},"fnMap":{},"branchMap":{},"s":{"0":3,"1":3,"2":3,"3":3,"4":3,"5":3,"6":3},"f":{},"b":{}}
}
