TN:
SF:src\router.ts
FN:27,(anonymous_0)
FN:42,(anonymous_1)
FNF:2
FNH:2
FNDA:4,(anonymous_0)
FNDA:5,(anonymous_1)
DA:1,2
DA:2,2
DA:3,2
DA:4,2
DA:6,2
DA:9,2
DA:12,2
DA:19,2
DA:27,4
DA:33,2
DA:42,5
DA:50,2
DA:57,2
DA:63,2
LF:14
LH:14
BRF:0
BRH:0
end_of_record
TN:
SF:src\server.ts
FN:8,connectDB
FN:30,(anonymous_2)
FNF:2
FNH:2
FNDA:2,connectDB
FNDA:1,(anonymous_2)
DA:1,2
DA:2,2
DA:3,2
DA:4,2
DA:9,2
DA:10,2
DA:11,1
DA:12,1
DA:15,0
DA:19,2
DA:22,2
DA:26,2
DA:28,2
DA:30,2
DA:31,1
DA:34,2
LF:16
LH:15
BRF:0
BRH:0
end_of_record
TN:
SF:src\config\db.ts
FNF:0
FNH:0
DA:1,2
DA:2,2
DA:3,2
DA:7,2
DA:12,2
LF:5
LH:5
BRF:0
BRH:0
end_of_record
TN:
SF:src\handlers\product.ts
FN:4,(anonymous_1)
FN:12,(anonymous_2)
FN:31,(anonymous_3)
FN:37,(anonymous_4)
FN:62,(anonymous_5)
FN:86,(anonymous_6)
FNF:6
FNH:6
FNDA:2,(anonymous_1)
FNDA:2,(anonymous_2)
FNDA:1,(anonymous_3)
FNDA:2,(anonymous_4)
FNDA:2,(anonymous_5)
FNDA:2,(anonymous_6)
DA:2,2
DA:4,2
DA:5,2
DA:8,2
DA:12,2
DA:13,2
DA:14,2
DA:15,2
DA:19,2
DA:20,1
DA:23,2
DA:26,1
DA:31,2
DA:32,1
DA:33,1
DA:37,2
DA:38,2
DA:41,2
DA:42,2
DA:45,2
DA:46,1
DA:50,2
DA:51,1
DA:54,1
DA:56,1
DA:62,2
DA:63,2
DA:66,2
DA:67,2
DA:70,2
DA:71,1
DA:75,2
DA:76,1
DA:79,1
DA:81,1
DA:86,2
DA:87,2
DA:88,2
DA:89,2
DA:91,2
DA:92,1
DA:95,2
DA:96,1
DA:98,1
LF:44
LH:44
BRDA:19,0,0,1
BRDA:45,1,0,1
BRDA:70,2,0,1
BRDA:91,3,0,1
BRF:4
BRH:4
end_of_record
TN:
SF:src\middlewares\index.ts
FN:4,(anonymous_0)
FNF:1
FNH:1
FNDA:18,(anonymous_0)
DA:2,2
DA:4,2
DA:5,18
DA:7,18
DA:8,9
DA:10,9
LF:6
LH:6
BRDA:7,0,0,9
BRF:1
BRH:1
end_of_record
TN:
SF:src\models\Product.model.ts
FNF:0
FNH:0
DA:1,2
DA:10,2
DA:14,2
DA:19,2
DA:25,2
DA:29,2
LF:6
LH:6
BRF:0
BRH:0
end_of_record
